<?xml version="1.0" encoding="UTF-8"?>
<!-- Generated by org.testng.reporters.JUnitXMLReporter -->
<testsuite hostname="juran" ignored="0" name="Testvagrant" tests="3" failures="0" timestamp="17 Sep 2020 12:00:55 GMT" time="15.429" errors="0">
  <testcase name="feature" time="12.143" classname="cucumber.api.testng.AbstractTestNGCucumberTests"/>
  <testcase name="feature" time="2.72" classname="cucumber.api.testng.AbstractTestNGCucumberTests"/>
  <testcase name="feature" time="0.008" classname="cucumber.api.testng.AbstractTestNGCucumberTests"/>
</testsuite> <!-- Testvagrant -->
