<?xml version="1.0" encoding="UTF-8"?>
<testng-results skipped="0" failed="0" ignored="0" total="2" passed="2">
  <reporter-output>
  </reporter-output>
  <suite name="Suite" duration-ms="18896" started-at="2020-09-17T08:20:51Z" finished-at="2020-09-17T08:21:10Z">
    <groups>
      <group name="cucumber">
        <method signature="AbstractTestNGCucumberTests.feature(cucumber.api.testng.CucumberFeatureWrapper)[pri:0, instance:cukeRunner.testRunner@7dc7cbad]" name="feature" class="cucumber.api.testng.AbstractTestNGCucumberTests"/>
      </group> <!-- cucumber -->
    </groups>
    <test name="Testvagrant" duration-ms="18896" started-at="2020-09-17T08:20:51Z" finished-at="2020-09-17T08:21:10Z">
      <class name="cukeRunner.testRunner">
        <test-method status="PASS" signature="setUpClass()[pri:0, instance:cukeRunner.testRunner@7dc7cbad]" name="setUpClass" is-config="true" duration-ms="262" started-at="2020-09-17T08:20:51Z" finished-at="2020-09-17T08:20:52Z">
          <reporter-output>
          </reporter-output>
        </test-method> <!-- setUpClass -->
        <test-method status="PASS" signature="feature(cucumber.api.testng.CucumberFeatureWrapper)[pri:0, instance:cukeRunner.testRunner@7dc7cbad]" name="feature" duration-ms="15608" started-at="2020-09-17T08:20:52Z" description="Runs Cucumber Feature" data-provider="features" finished-at="2020-09-17T08:21:07Z">
          <params>
            <param index="0">
              <value>
                <![CDATA[Web Automate NDTV Weather Report]]>
              </value>
            </param>
          </params>
          <reporter-output>
          </reporter-output>
        </test-method> <!-- feature -->
        <test-method status="PASS" signature="feature(cucumber.api.testng.CucumberFeatureWrapper)[pri:0, instance:cukeRunner.testRunner@7dc7cbad]" name="feature" duration-ms="2482" started-at="2020-09-17T08:21:08Z" description="Runs Cucumber Feature" data-provider="features" finished-at="2020-09-17T08:21:10Z">
          <params>
            <param index="0">
              <value>
                <![CDATA[Get value from api call]]>
              </value>
            </param>
          </params>
          <reporter-output>
          </reporter-output>
        </test-method> <!-- feature -->
        <test-method status="PASS" signature="tearDownClass()[pri:0, instance:cukeRunner.testRunner@7dc7cbad]" name="tearDownClass" is-config="true" duration-ms="15" started-at="2020-09-17T08:21:10Z" finished-at="2020-09-17T08:21:10Z">
          <reporter-output>
          </reporter-output>
        </test-method> <!-- tearDownClass -->
      </class> <!-- cukeRunner.testRunner -->
    </test> <!-- Testvagrant -->
  </suite> <!-- Suite -->
</testng-results>
